"PLAN_TABLE_OUTPUT",
"SQL_ID 4f43ch8kn749p",
"--------------------",
"select /*+ FIRST_ROWS(101) */ json_patch(""DATA"",:1  project returning ",
"blob format oson),""ID"",""LAST_MODIFIED"",""CREATED_ON"",""VERSION"" from ",
"""CVGT"".""MOVIMIENTOS_HISMO_VISTA_1_PART"" where JSON_EXISTS(""DATA"" format ",
"oson,'$?( (@.idContratoLocal.stringOnly() == $B0) && ( ",
"exists(@.busquedaIgualdad[*]?( (@.k.stringOnly() == $B1) && ",
"(@.v.stringOnly() == $B2) )) ) && (@.fechaConsolidacion.dateTimeOnly() ",
"<= $B3) )' passing :2  as ""B0"", :3  as ""B1"", :4  as ""B2"", :5  as ""B3"") ",
"order by JSON_VALUE(""DATA"" format oson, '$.idMov') desc, ""ID"" fetch ",
"next 101 rows only",
" ",
"Plan hash value: 117211411",
" ",
"----------------------------------------------------------------------------------------------------------------------------------------",
"| Id  | Operation                     | Name                           | Rows  | Bytes |TempSpc| Cost (%CPU)| Time     | Pstart| Pstop |",
"----------------------------------------------------------------------------------------------------------------------------------------",
"|   0 | SELECT STATEMENT              |                                |       |       |       |   648 (100)|          |       |       |",
"|   1 |  SORT ORDER BY                |                                |   101 |  1855K|   816K|   648   (1)| 00:00:01 |       |       |",
"|*  2 |   VIEW                        |                                |   101 |  1855K|       |   276   (1)| 00:00:01 |       |       |",
"|*  3 |    WINDOW SORT PUSHED RANK    |                                |     5 |  6605 |       |   276   (1)| 00:00:01 |       |       |",
"|   4 |     PARTITION HASH SINGLE     |                                |     5 |  6605 |       |   275   (1)| 00:00:01 |   KEY |   KEY |",
"|*  5 |      TABLE ACCESS STORAGE FULL| MOVIMIENTOS_HISMO_VISTA_1_PART |     5 |  6605 |       |   275   (1)| 00:00:01 |   KEY |   KEY |",
"----------------------------------------------------------------------------------------------------------------------------------------",
" ",
"Predicate Information (identified by operation id):",
"---------------------------------------------------",
" ",
"   2 - filter(""from$_subquery$_002"".""rowlimit_$$_rownumber""<=101)",
"   3 - filter(ROW_NUMBER() OVER ( ORDER BY JSON_VALUE(""DATA"" /*+ LOB_BY_VALUE */  FORMAT OSON , '$.idMov' RETURNING ",
"              VARCHAR2(4000) NULL ON ERROR /*+ VALIDATE */ ) DESC ,""ID"")<=101)",
"   5 - storage(JSON_EXISTS2(""DATA"" /*+ LOB_BY_VALUE */  FORMAT OSON , '$?( (@.idContratoLocal.stringOnly() == $B0) && ( ",
"              exists(@.busquedaIgualdad[*]?( (@.k.stringOnly() == $B1) && (@.v.stringOnly() == $B2) )) ) && ",
"              (@.fechaConsolidacion.dateTimeOnly() <= $B3) )' PASSING :2 AS ""B0"" , :3 AS ""B1"" , :4 AS ""B2"" , :5 AS ""B3"" FALSE ON ERROR /*+ ",
"              VALIDATE */ )=1)",
"       filter((JSON_EXISTS2(""DATA"" /*+ LOB_BY_VALUE */  FORMAT OSON , '$?( (@.idContratoLocal.stringOnly() == $B0) && ( ",
"              exists(@.busquedaIgualdad[*]?( (@.k.stringOnly() == $B1) && (@.v.stringOnly() == $B2) )) ) && ",
"              (@.fechaConsolidacion.dateTimeOnly() <= $B3) )' PASSING :2 AS ""B0"" , :3 AS ""B1"" , :4 AS ""B2"" , :5 AS ""B3"" FALSE ON ERROR /*+ ",
"              VALIDATE */ )=1 AND JSON_VALUE(""DATA"" /*+ LOB_BY_VALUE */  FORMAT OSON , '$.idContratoLocal' RETURNING VARCHAR2(100) ERROR ON ",
"              ERROR NULL ON EMPTY /*+ VALIDATE */ )=:2))",
" ",
